<?xml version="1.0" encoding="UTF-8"?>
<!-- Generated by org.testng.reporters.JUnitReportReporter -->
<testsuite skipped="0" hostname="LIN80015282" name="RestAPIServices.RestServices" tests="1" failures="0" timestamp="20 Apr 2018 11:30:29 GMT" time="24.992" errors="0">
  <testcase name="login" time="24.992" classname="RestAPIServices.RestServices"/>
</testsuite> <!-- RestAPIServices.RestServices -->
